SF:lib/src/models/magnetic_card_system.dart
DA:19,1
DA:23,4
DA:25,1
DA:27,1
DA:31,4
DA:32,1
DA:34,1
DA:37,1
DA:38,1
DA:39,2
DA:41,2
DA:42,2
DA:43,1
DA:52,0
DA:53,0
DA:57,2
DA:58,2
DA:60,4
DA:66,2
DA:71,4
DA:72,4
DA:77,1
DA:82,2
DA:83,1
DA:84,1
DA:93,2
DA:100,2
DA:101,4
DA:102,6
DA:103,4
DA:105,4
DA:106,2
DA:107,2
DA:110,2
DA:111,4
DA:113,4
DA:114,10
DA:117,4
DA:118,4
DA:120,2
DA:122,2
DA:124,6
DA:125,2
DA:127,2
DA:128,4
DA:131,2
DA:132,2
DA:135,4
DA:137,6
DA:138,16
DA:142,10
DA:143,12
DA:145,22
DA:148,6
DA:149,4
DA:154,1
DA:159,1
DA:166,1
DA:168,1
DA:170,3
DA:171,1
DA:172,1
DA:175,1
DA:178,1
DA:192,0
DA:193,0
DA:194,0
DA:195,0
DA:198,0
DA:202,1
DA:206,1
DA:208,2
DA:209,1
DA:210,1
DA:212,3
DA:213,1
DA:214,2
DA:217,2
DA:219,2
DA:220,3
DA:221,1
DA:224,2
DA:232,0
DA:237,0
DA:239,0
DA:243,0
DA:247,0
DA:252,0
DA:253,0
DA:254,0
DA:255,0
DA:260,0
DA:261,0
LF:93
LH:75
end_of_record
SF:lib/src/models/field_models.dart
DA:179,6
DA:300,5
DA:318,3
DA:319,3
DA:320,3
DA:321,2
DA:322,2
DA:330,45
DA:338,3
DA:339,3
DA:340,3
DA:341,3
DA:342,6
DA:343,6
DA:361,3
DA:362,3
DA:363,3
DA:364,3
DA:365,9
DA:375,3
DA:376,6
DA:383,3
DA:384,9
DA:391,3
DA:392,3
DA:399,3
DA:400,9
DA:401,9
DA:402,9
LF:29
LH:29
end_of_record
SF:lib/src/widgets/magnetic_form_builder.dart
DA:247,4
DA:260,3
DA:261,3
DA:290,12
DA:291,12
DA:292,4
DA:293,2
DA:294,2
DA:295,6
DA:296,10
DA:298,3
DA:300,3
DA:301,3
DA:305,3
DA:306,6
DA:307,3
DA:308,3
DA:312,3
DA:313,9
DA:314,6
DA:315,3
DA:316,0
DA:318,9
DA:323,0
DA:324,0
DA:325,0
DA:328,3
DA:330,9
DA:331,3
DA:333,3
DA:337,3
DA:339,6
DA:340,6
DA:342,3
DA:343,9
DA:346,0
DA:350,1
DA:352,5
DA:353,1
DA:355,0
DA:360,3
DA:361,6
DA:362,6
DA:363,3
DA:365,3
DA:369,3
DA:370,9
DA:374,0
DA:375,0
DA:376,0
DA:380,0
DA:381,0
DA:382,0
DA:384,0
DA:387,0
DA:388,0
DA:389,0
DA:390,0
DA:391,0
DA:392,0
DA:393,0
DA:397,0
DA:400,0
DA:401,0
DA:402,0
DA:408,0
DA:409,0
DA:410,0
DA:412,0
DA:413,0
DA:417,3
DA:419,6
DA:421,2
DA:425,3
DA:426,3
DA:427,3
DA:433,2
DA:434,2
DA:435,2
DA:436,2
DA:437,3
DA:439,2
DA:440,4
DA:441,6
DA:442,6
DA:443,2
DA:450,2
DA:451,2
DA:452,1
DA:453,4
DA:456,2
DA:457,2
DA:458,2
DA:459,4
DA:460,2
DA:461,2
DA:466,2
DA:467,2
DA:469,2
DA:471,6
DA:472,2
DA:473,2
DA:474,2
DA:476,2
DA:477,2
DA:478,4
DA:488,2
DA:489,2
DA:490,2
DA:491,2
DA:492,2
DA:494,6
DA:500,2
DA:501,4
DA:503,3
DA:507,2
DA:508,4
DA:509,4
DA:510,4
DA:511,2
DA:512,2
DA:516,2
DA:517,12
DA:518,2
DA:520,2
DA:522,10
DA:526,1
DA:527,1
DA:528,1
DA:529,1
DA:534,2
DA:535,4
DA:538,2
DA:539,2
DA:543,2
DA:544,4
DA:545,4
DA:547,4
DA:548,2
DA:549,2
DA:550,2
DA:551,2
DA:552,2
DA:553,2
DA:554,2
DA:555,2
DA:560,0
DA:561,0
DA:564,0
DA:567,0
DA:570,0
DA:571,0
DA:573,0
DA:576,0
DA:577,0
DA:578,0
DA:581,0
DA:583,0
DA:584,0
DA:589,0
DA:590,0
DA:591,0
DA:592,0
DA:595,0
DA:596,0
DA:597,0
DA:598,0
DA:603,0
DA:604,0
DA:605,0
DA:608,0
DA:609,0
DA:610,0
DA:611,0
DA:617,0
DA:618,0
DA:620,0
DA:621,0
DA:622,0
DA:627,0
DA:628,0
DA:629,0
DA:630,0
DA:634,0
DA:635,0
DA:638,0
DA:639,0
DA:640,0
DA:642,0
DA:646,0
DA:649,0
DA:653,0
DA:656,0
DA:663,0
DA:667,0
DA:674,0
DA:684,0
DA:688,0
DA:689,0
DA:690,0
DA:692,0
DA:694,0
DA:696,0
DA:701,1
DA:702,1
DA:703,1
DA:704,1
DA:705,1
DA:706,1
DA:710,0
DA:711,0
DA:713,0
DA:715,0
DA:716,0
DA:717,0
DA:720,0
DA:721,0
DA:725,0
DA:726,0
DA:727,0
DA:729,0
DA:734,0
DA:735,0
DA:736,0
DA:737,0
DA:738,0
DA:742,0
DA:743,0
DA:745,0
DA:746,0
DA:750,0
DA:751,0
DA:755,0
DA:756,0
DA:757,0
DA:761,0
DA:762,0
DA:763,0
DA:766,0
DA:768,0
DA:770,0
DA:771,0
DA:779,0
DA:780,0
DA:782,0
DA:784,0
DA:785,0
DA:786,0
DA:787,0
DA:793,0
DA:794,0
DA:795,0
DA:799,0
DA:800,0
DA:804,0
DA:809,0
DA:813,0
DA:814,0
DA:815,0
DA:817,0
DA:818,0
DA:819,0
DA:823,0
DA:824,0
DA:826,0
DA:830,0
DA:831,0
DA:833,0
DA:834,0
DA:836,0
DA:837,0
DA:842,0
DA:843,0
DA:846,1
DA:847,1
DA:848,1
DA:849,2
DA:850,1
DA:851,1
DA:856,0
DA:857,0
DA:858,0
DA:862,0
DA:863,0
DA:864,0
DA:869,1
DA:870,2
DA:871,2
DA:872,1
DA:873,1
DA:879,0
DA:880,0
DA:881,0
DA:883,0
DA:885,0
DA:887,0
DA:891,0
DA:895,0
DA:896,0
DA:902,0
DA:903,0
DA:906,0
DA:910,0
DA:911,0
DA:912,0
DA:914,0
DA:920,0
DA:922,0
DA:923,0
DA:924,0
DA:925,0
DA:926,0
LF:312
LH:134
end_of_record
SF:lib/src/theme/magnetic_theme.dart
DA:10,0
DA:22,8
DA:25,2
DA:28,4
DA:29,4
DA:30,4
DA:40,1
DA:41,2
DA:42,1
DA:55,1
DA:56,2
DA:57,2
DA:60,2
DA:61,2
DA:62,1
DA:63,1
DA:64,1
DA:65,1
DA:70,1
DA:71,2
DA:72,2
DA:75,2
DA:76,2
DA:77,1
DA:78,1
DA:79,1
DA:80,1
DA:85,1
DA:88,1
DA:89,1
DA:90,3
DA:95,1
DA:96,1
DA:97,1
DA:98,1
DA:99,2
DA:100,2
DA:101,2
LF:38
LH:37
end_of_record
SF:lib/src/theme/field_theme_extension.dart
DA:12,2
DA:20,1
DA:28,1
DA:29,0
DA:30,1
DA:31,1
DA:32,1
DA:33,1
DA:37,1
DA:39,1
DA:42,1
DA:43,3
DA:44,3
DA:45,3
DA:46,3
DA:47,3
LF:16
LH:15
end_of_record
SF:lib/src/constants/magnetic_constants.dart
DA:30,0
DA:188,4
DA:191,4
DA:194,2
DA:195,6
DA:196,6
DA:197,6
DA:205,0
DA:240,5
DA:249,5
LF:10
LH:8
end_of_record
SF:lib/src/components/field_builders.dart
DA:46,0
DA:71,1
DA:77,1
DA:80,1
DA:83,1
DA:84,1
DA:86,1
DA:87,1
DA:88,1
DA:117,1
DA:119,1
DA:120,2
DA:121,1
DA:122,1
DA:123,1
DA:124,0
DA:125,0
DA:126,0
DA:132,1
DA:158,1
DA:159,1
DA:161,2
DA:162,1
DA:163,1
DA:165,2
DA:167,3
DA:168,1
LF:27
LH:23
end_of_record
SF:lib/src/utils/magnetic_utils.dart
DA:8,0
DA:15,3
DA:21,3
DA:24,3
DA:25,1
DA:26,1
DA:27,2
DA:30,1
DA:33,1
DA:34,1
DA:35,3
DA:44,3
DA:45,1
DA:46,1
DA:47,2
DA:50,1
DA:53,3
DA:54,1
DA:55,1
DA:56,3
DA:65,3
DA:66,0
DA:67,0
DA:68,0
DA:71,0
DA:74,0
DA:75,0
DA:76,0
DA:85,3
DA:86,1
DA:87,1
DA:88,3
DA:91,1
DA:96,2
DA:97,0
DA:98,0
DA:99,0
DA:103,0
DA:106,0
DA:109,2
DA:110,2
DA:111,2
DA:112,2
DA:115,2
DA:118,3
DA:126,0
DA:127,0
DA:128,0
DA:129,0
DA:130,0
DA:133,0
DA:134,0
DA:135,0
DA:146,1
DA:147,1
DA:148,1
DA:149,1
DA:150,3
DA:155,1
DA:158,3
DA:165,1
DA:169,1
DA:170,1
DA:171,3
DA:177,1
DA:184,0
DA:188,0
DA:189,0
DA:191,0
DA:194,0
DA:195,0
DA:201,0
DA:202,0
DA:211,0
DA:212,0
DA:213,0
DA:214,0
DA:215,0
DA:216,0
DA:221,1
DA:224,1
DA:225,1
DA:226,2
DA:227,1
DA:228,1
DA:229,3
DA:234,1
DA:235,1
DA:236,3
DA:243,1
DA:244,1
DA:245,1
DA:246,3
DA:247,1
DA:248,1
DA:249,3
DA:256,1
DA:260,1
DA:261,1
DA:262,2
DA:263,1
DA:266,2
DA:267,0
DA:269,1
DA:278,1
DA:280,2
DA:281,2
DA:283,1
DA:287,1
DA:289,2
DA:290,2
DA:292,1
DA:296,1
DA:298,2
DA:299,2
DA:301,1
DA:305,1
DA:306,2
DA:310,1
DA:312,2
DA:313,2
DA:315,1
DA:319,1
DA:321,2
DA:322,2
DA:324,1
DA:328,1
DA:330,2
DA:331,2
DA:333,1
DA:337,1
DA:339,2
DA:340,2
DA:342,1
DA:346,1
DA:348,2
DA:349,2
DA:351,1
DA:355,1
DA:357,2
DA:358,2
DA:360,1
LF:142
LH:106
end_of_record
SF:lib/src/components/form_ui_builder.dart
DA:12,0
DA:21,2
DA:27,2
DA:29,2
DA:30,4
DA:33,6
DA:35,2
DA:36,2
DA:42,2
DA:47,2
DA:48,2
DA:49,2
DA:52,4
DA:59,1
DA:63,1
DA:65,1
DA:66,1
DA:67,1
DA:68,1
DA:75,1
DA:76,2
DA:77,1
DA:80,2
DA:81,1
DA:82,1
DA:83,1
DA:90,1
DA:91,2
DA:92,1
DA:93,1
DA:94,3
DA:97,1
DA:99,1
DA:101,2
DA:109,1
DA:115,1
DA:119,0
DA:120,0
DA:122,0
DA:131,1
DA:132,1
DA:133,0
DA:134,0
DA:138,0
DA:144,0
DA:145,0
DA:146,0
DA:147,0
DA:149,0
DA:151,0
DA:152,0
DA:153,0
DA:155,0
DA:158,0
DA:162,0
DA:163,0
DA:165,0
DA:174,0
DA:178,0
DA:182,0
DA:187,0
DA:188,0
DA:189,0
DA:191,0
DA:192,0
DA:194,0
DA:195,0
DA:204,2
DA:222,2
DA:226,4
DA:227,6
DA:229,2
DA:231,6
DA:232,2
DA:233,2
DA:234,2
DA:249,2
DA:264,2
DA:279,6
DA:281,2
DA:282,0
DA:283,0
DA:284,0
DA:285,0
DA:287,2
DA:289,2
DA:290,2
DA:291,2
DA:294,2
DA:308,2
DA:318,2
DA:321,0
DA:322,0
DA:323,0
DA:332,0
DA:345,2
DA:353,0
DA:358,0
DA:363,0
DA:368,1
DA:378,1
DA:384,1
DA:386,1
DA:387,1
DA:388,1
DA:389,1
DA:390,1
DA:397,1
DA:398,1
DA:400,1
DA:402,1
DA:403,1
DA:404,1
DA:405,1
DA:407,1
DA:409,1
DA:416,1
DA:417,1
DA:420,2
DA:425,1
DA:426,1
DA:428,1
DA:431,2
DA:437,1
DA:438,1
DA:440,1
DA:442,2
DA:448,1
DA:454,1
DA:455,1
DA:458,1
DA:459,1
DA:466,1
DA:472,2
DA:473,2
DA:474,1
DA:476,1
DA:478,1
DA:480,1
DA:484,1
DA:490,1
DA:491,0
DA:492,1
DA:494,1
DA:495,1
DA:497,1
DA:504,1
DA:509,1
DA:510,2
DA:511,2
DA:513,1
DA:514,1
DA:515,0
DA:520,1
DA:521,1
DA:522,1
DA:528,1
DA:530,1
DA:533,2
LF:159
LH:116
end_of_record
SF:lib/src/handlers/interaction_handler.dart
DA:48,0
DA:55,1
DA:60,1
DA:61,1
DA:63,2
DA:65,1
DA:67,1
DA:68,1
DA:70,1
DA:71,7
DA:77,1
DA:84,1
DA:88,4
DA:91,1
DA:93,1
DA:99,6
DA:101,5
DA:104,4
DA:106,2
DA:108,4
DA:110,1
DA:113,1
DA:116,1
DA:121,1
DA:131,0
DA:137,0
DA:139,0
DA:140,0
DA:142,0
DA:143,0
DA:147,0
DA:148,0
DA:149,0
DA:154,0
DA:155,0
DA:164,0
DA:165,0
DA:172,0
DA:175,0
DA:188,3
DA:191,1
DA:195,3
DA:199,0
DA:211,0
DA:212,0
DA:213,0
DA:214,0
DA:215,0
DA:217,0
DA:219,0
DA:223,0
DA:224,0
DA:228,0
DA:229,0
DA:230,0
DA:233,0
DA:234,0
DA:235,0
DA:237,0
DA:239,0
DA:240,0
DA:244,0
DA:247,0
DA:258,0
DA:260,0
DA:261,0
DA:262,0
DA:264,0
DA:269,0
DA:277,0
DA:278,0
DA:281,0
DA:284,0
DA:291,0
DA:292,0
DA:293,0
DA:305,0
DA:312,0
DA:316,0
DA:323,0
DA:325,0
DA:326,0
DA:327,0
DA:339,0
DA:340,0
DA:344,0
DA:350,0
DA:353,0
DA:354,0
DA:355,0
DA:356,0
DA:357,0
DA:359,0
DA:360,0
DA:361,0
DA:366,0
DA:369,0
DA:370,0
DA:371,0
DA:375,0
DA:378,0
DA:379,0
DA:380,0
DA:385,0
DA:386,0
DA:389,0
DA:390,0
DA:391,0
DA:392,0
DA:396,0
DA:404,0
DA:405,0
DA:406,0
DA:409,0
DA:419,0
DA:428,0
DA:430,0
DA:435,0
DA:438,0
DA:441,0
DA:444,0
DA:446,0
DA:448,0
DA:452,0
DA:453,0
DA:456,0
DA:459,0
DA:462,0
DA:476,0
DA:482,0
DA:485,0
DA:487,0
DA:491,0
DA:492,0
DA:493,0
DA:495,0
DA:496,0
DA:500,0
DA:505,0
DA:506,0
DA:509,0
DA:511,0
DA:519,0
DA:533,0
DA:534,0
DA:538,0
DA:539,0
DA:540,0
DA:544,0
DA:549,0
DA:550,0
DA:551,0
DA:555,0
DA:556,0
DA:565,0
DA:574,0
DA:575,0
DA:576,0
DA:577,0
DA:578,0
DA:580,0
DA:582,0
DA:583,0
DA:584,0
DA:585,0
DA:589,0
DA:590,0
DA:592,0
DA:593,0
DA:595,0
DA:598,0
DA:599,0
DA:603,0
DA:605,0
DA:608,0
DA:609,0
DA:616,0
DA:619,0
DA:620,0
DA:622,0
DA:624,0
DA:625,0
DA:630,0
DA:631,0
DA:637,0
DA:641,0
DA:646,0
DA:650,0
DA:655,0
DA:664,0
DA:665,0
DA:666,0
DA:667,0
DA:669,0
DA:671,0
DA:674,0
DA:682,0
DA:683,0
DA:689,0
DA:691,0
DA:694,0
DA:708,0
DA:714,0
DA:719,0
DA:720,0
DA:721,0
DA:726,0
DA:733,0
DA:738,0
DA:745,0
DA:752,0
DA:763,0
DA:770,0
DA:782,0
DA:792,0
DA:798,0
DA:799,0
DA:802,0
DA:803,0
DA:806,0
DA:812,0
DA:813,0
DA:830,0
DA:835,0
DA:838,0
DA:839,0
DA:843,0
DA:844,0
DA:845,0
DA:846,0
DA:848,0
DA:853,0
DA:854,0
DA:859,0
DA:860,0
DA:862,0
DA:870,0
DA:875,0
DA:879,0
DA:880,0
DA:881,0
DA:882,0
DA:883,0
DA:884,0
DA:890,0
DA:900,0
DA:906,0
DA:909,0
DA:910,0
DA:911,0
DA:913,0
DA:918,0
DA:919,0
DA:920,0
DA:921,0
DA:922,0
DA:925,0
DA:926,0
DA:928,0
DA:929,0
DA:933,0
DA:935,0
DA:945,0
DA:948,0
DA:949,0
DA:950,0
DA:952,0
DA:953,0
DA:956,0
DA:957,0
DA:963,0
DA:969,0
DA:973,0
DA:974,0
DA:977,0
DA:978,0
DA:979,0
DA:983,0
DA:990,0
DA:991,0
DA:995,0
DA:997,0
DA:998,0
DA:1000,0
DA:1007,0
DA:1012,0
DA:1017,0
DA:1018,0
DA:1019,0
DA:1020,0
DA:1022,0
DA:1024,0
DA:1027,0
DA:1028,0
DA:1032,0
DA:1034,0
DA:1035,0
DA:1036,0
DA:1038,0
DA:1039,0
DA:1044,0
DA:1046,0
DA:1047,0
DA:1048,0
DA:1050,0
DA:1059,0
DA:1067,0
DA:1068,0
DA:1069,0
DA:1070,0
DA:1071,0
DA:1073,0
DA:1079,0
DA:1080,0
DA:1087,0
DA:1094,0
DA:1095,0
DA:1096,0
DA:1097,0
DA:1099,0
DA:1101,0
DA:1102,0
DA:1105,0
DA:1107,0
DA:1116,0
DA:1129,0
DA:1136,0
DA:1137,0
DA:1138,0
DA:1139,0
DA:1143,0
DA:1144,0
DA:1145,0
DA:1146,0
DA:1148,0
DA:1151,0
DA:1156,0
DA:1162,0
DA:1171,0
DA:1173,0
DA:1176,0
DA:1177,0
DA:1179,0
DA:1180,0
DA:1181,0
DA:1182,0
DA:1185,0
DA:1189,0
DA:1208,1
DA:1216,0
DA:1223,0
DA:1224,0
DA:1225,0
DA:1227,0
DA:1229,0
DA:1230,0
DA:1243,1
DA:1258,0
LF:358
LH:28
end_of_record
SF:lib/src/systems/magnetic_system.dart
DA:12,0
DA:19,1
DA:25,1
DA:30,1
DA:38,0
DA:46,1
DA:58,0
DA:60,0
DA:67,0
DA:68,0
DA:73,0
DA:74,0
DA:75,0
DA:82,0
DA:92,1
DA:98,1
DA:101,1
DA:107,1
DA:112,1
DA:114,1
DA:117,2
DA:119,1
DA:127,1
DA:130,1
DA:134,1
DA:137,2
DA:138,2
DA:139,3
DA:151,1
DA:157,1
DA:160,2
DA:161,2
DA:163,1
DA:164,3
DA:165,1
DA:167,0
DA:168,0
DA:171,0
DA:172,0
DA:178,3
DA:179,1
DA:185,0
DA:191,0
DA:192,0
DA:195,0
DA:196,0
DA:200,0
DA:201,0
DA:202,0
DA:204,0
DA:205,0
DA:209,0
DA:212,0
DA:214,0
DA:215,0
DA:218,0
DA:219,0
DA:220,0
DA:221,0
DA:223,0
DA:224,0
DA:225,0
DA:226,0
DA:231,0
DA:238,1
DA:240,2
DA:241,2
DA:250,1
DA:257,1
DA:260,2
DA:261,1
DA:262,1
DA:263,1
DA:268,2
DA:269,2
DA:271,1
DA:272,3
DA:273,1
DA:276,0
DA:277,0
DA:278,0
DA:280,0
DA:282,0
DA:297,0
DA:304,0
DA:315,0
DA:321,0
DA:323,0
DA:333,0
DA:339,0
DA:343,0
DA:351,0
DA:352,0
DA:354,0
DA:365,0
DA:367,0
DA:375,0
DA:376,0
DA:378,0
DA:387,0
DA:389,0
DA:391,0
DA:393,0
DA:408,1
DA:412,3
DA:413,3
DA:414,2
DA:415,2
DA:416,3
DA:418,1
DA:423,1
DA:428,1
DA:434,1
DA:435,1
DA:436,1
DA:444,1
DA:449,1
DA:451,1
DA:452,0
DA:454,0
DA:455,0
DA:457,0
DA:458,0
DA:459,0
DA:467,1
DA:471,1
DA:473,2
DA:474,0
DA:476,1
DA:477,1
DA:479,3
DA:480,5
DA:487,1
DA:494,2
DA:495,2
DA:497,1
DA:498,1
DA:500,3
DA:501,1
DA:502,2
DA:510,1
DA:515,1
DA:520,2
DA:524,0
DA:531,0
DA:534,0
DA:535,0
DA:536,0
DA:537,0
DA:540,0
DA:556,0
DA:563,0
DA:566,0
DA:567,0
DA:568,0
DA:569,0
DA:572,0
DA:588,0
DA:593,0
DA:594,0
DA:595,0
DA:596,0
DA:597,0
DA:602,1
DA:606,1
DA:609,4
DA:613,4
DA:617,4
DA:625,0
DA:626,0
DA:628,0
DA:629,0
DA:631,0
DA:632,0
DA:641,0
DA:647,0
DA:648,0
DA:649,0
DA:652,0
DA:664,0
DA:674,0
DA:675,0
DA:679,0
DA:684,0
DA:687,0
DA:692,0
DA:693,0
DA:696,0
DA:697,0
DA:698,0
DA:699,0
DA:703,0
DA:707,0
DA:717,0
DA:718,0
DA:722,0
DA:727,0
DA:730,0
DA:735,0
DA:736,0
DA:739,0
DA:740,0
DA:741,0
DA:742,0
DA:746,0
DA:750,0
DA:760,0
DA:761,0
DA:762,0
DA:763,0
DA:767,0
DA:772,0
DA:773,0
DA:774,0
DA:775,0
DA:780,0
DA:781,0
DA:782,0
DA:783,0
DA:788,0
DA:789,0
DA:790,0
DA:791,0
DA:793,0
DA:796,0
DA:797,0
DA:798,0
DA:799,0
DA:803,0
DA:807,0
DA:816,0
DA:821,0
DA:823,0
DA:824,0
DA:825,0
DA:827,0
DA:830,0
DA:836,0
DA:837,0
DA:838,0
DA:839,0
DA:841,0
DA:844,0
DA:845,0
DA:846,0
DA:847,0
DA:851,0
DA:855,0
DA:862,0
DA:874,0
DA:881,0
DA:893,0
DA:900,0
DA:924,1
DA:932,0
DA:933,0
DA:944,0
DA:962,5
DA:971,0
DA:979,0
DA:980,0
DA:981,0
DA:982,0
DA:983,0
DA:984,0
DA:985,0
DA:990,3
DA:995,0
DA:1002,0
DA:1015,0
DA:1016,0
DA:1018,0
DA:1020,0
DA:1021,0
DA:1022,0
DA:1023,0
LF:276
LH:82
end_of_record
SF:lib/src/storage/form_storage_repository.dart
DA:25,3
DA:27,9
DA:30,1
DA:32,3
DA:35,0
DA:37,0
DA:40,0
DA:42,0
LF:8
LH:4
end_of_record
